<?xml version="1.0" encoding="UTF-8"?>
<testng-results ignored="0" total="1" passed="1" failed="0" skipped="0">
  <reporter-output>
  </reporter-output>
  <suite started-at="2022-12-08T11:38:19 IST" name="Default suite" finished-at="2022-12-08T11:39:54 IST" duration-ms="95108">
    <groups>
    </groups>
    <test started-at="2022-12-08T11:38:19 IST" name="Default test" finished-at="2022-12-08T11:39:54 IST" duration-ms="95108">
      <class name="Seekbar">
        <test-method signature="AndroidApp1()[pri:1, instance:Seekbar@5ace1ed4]" started-at="2022-12-08T11:38:19 IST" name="AndroidApp1" finished-at="2022-12-08T11:39:54 IST" duration-ms="95004" status="PASS">
          <reporter-output>
          </reporter-output>
        </test-method> <!-- AndroidApp1 -->
      </class> <!-- Seekbar -->
    </test> <!-- Default test -->
  </suite> <!-- Default suite -->
</testng-results>
